                                 Started job on |	Oct 19 08:26:18
                             Started mapping on |	Oct 19 08:26:18
                                    Finished on |	Oct 19 08:27:52
       Mapping speed, Million of reads per hour |	3.80

                          Number of input reads |	99204
                      Average input read length |	202
                                    UNIQUE READS:
                   Uniquely mapped reads number |	88021
                        Uniquely mapped reads % |	88.73%
                          Average mapped length |	199.07
                       Number of splices: Total |	26717
            Number of splices: Annotated (sjdb) |	2472
                       Number of splices: GT/AG |	26503
                       Number of splices: GC/AG |	131
                       Number of splices: AT/AC |	2
               Number of splices: Non-canonical |	81
                      Mismatch rate per base, % |	0.41%
                         Deletion rate per base |	0.02%
                        Deletion average length |	1.97
                        Insertion rate per base |	0.01%
                       Insertion average length |	2.05
                             MULTI-MAPPING READS:
        Number of reads mapped to multiple loci |	2112
             % of reads mapped to multiple loci |	2.13%
        Number of reads mapped to too many loci |	68
             % of reads mapped to too many loci |	0.07%
                                  UNMAPPED READS:
  Number of reads unmapped: too many mismatches |	0
       % of reads unmapped: too many mismatches |	0.00%
            Number of reads unmapped: too short |	8911
                 % of reads unmapped: too short |	8.98%
                Number of reads unmapped: other |	92
                     % of reads unmapped: other |	0.09%
                                  CHIMERIC READS:
                       Number of chimeric reads |	0
                            % of chimeric reads |	0.00%
