                                 Started job on |	Oct 19 08:26:18
                             Started mapping on |	Oct 19 08:26:18
                                    Finished on |	Oct 19 08:28:04
       Mapping speed, Million of reads per hour |	3.46

                          Number of input reads |	101960
                      Average input read length |	202
                                    UNIQUE READS:
                   Uniquely mapped reads number |	90509
                        Uniquely mapped reads % |	88.77%
                          Average mapped length |	199.23
                       Number of splices: Total |	26827
            Number of splices: Annotated (sjdb) |	2474
                       Number of splices: GT/AG |	26651
                       Number of splices: GC/AG |	75
                       Number of splices: AT/AC |	6
               Number of splices: Non-canonical |	95
                      Mismatch rate per base, % |	0.56%
                         Deletion rate per base |	0.02%
                        Deletion average length |	1.98
                        Insertion rate per base |	0.01%
                       Insertion average length |	1.85
                             MULTI-MAPPING READS:
        Number of reads mapped to multiple loci |	2941
             % of reads mapped to multiple loci |	2.88%
        Number of reads mapped to too many loci |	121
             % of reads mapped to too many loci |	0.12%
                                  UNMAPPED READS:
  Number of reads unmapped: too many mismatches |	0
       % of reads unmapped: too many mismatches |	0.00%
            Number of reads unmapped: too short |	8198
                 % of reads unmapped: too short |	8.04%
                Number of reads unmapped: other |	191
                     % of reads unmapped: other |	0.19%
                                  CHIMERIC READS:
                       Number of chimeric reads |	0
                            % of chimeric reads |	0.00%
