                                 Started job on |	Oct 19 08:26:17
                             Started mapping on |	Oct 19 08:26:17
                                    Finished on |	Oct 19 08:27:54
       Mapping speed, Million of reads per hour |	3.74

                          Number of input reads |	100819
                      Average input read length |	202
                                    UNIQUE READS:
                   Uniquely mapped reads number |	89734
                        Uniquely mapped reads % |	89.01%
                          Average mapped length |	199.26
                       Number of splices: Total |	26629
            Number of splices: Annotated (sjdb) |	2394
                       Number of splices: GT/AG |	26459
                       Number of splices: GC/AG |	82
                       Number of splices: AT/AC |	0
               Number of splices: Non-canonical |	88
                      Mismatch rate per base, % |	0.39%
                         Deletion rate per base |	0.02%
                        Deletion average length |	1.98
                        Insertion rate per base |	0.01%
                       Insertion average length |	1.93
                             MULTI-MAPPING READS:
        Number of reads mapped to multiple loci |	2613
             % of reads mapped to multiple loci |	2.59%
        Number of reads mapped to too many loci |	100
             % of reads mapped to too many loci |	0.10%
                                  UNMAPPED READS:
  Number of reads unmapped: too many mismatches |	0
       % of reads unmapped: too many mismatches |	0.00%
            Number of reads unmapped: too short |	8265
                 % of reads unmapped: too short |	8.20%
                Number of reads unmapped: other |	107
                     % of reads unmapped: other |	0.11%
                                  CHIMERIC READS:
                       Number of chimeric reads |	0
                            % of chimeric reads |	0.00%
