                                 Started job on |	Oct 19 08:26:18
                             Started mapping on |	Oct 19 08:26:18
                                    Finished on |	Oct 19 08:28:08
       Mapping speed, Million of reads per hour |	3.37

                          Number of input reads |	102946
                      Average input read length |	202
                                    UNIQUE READS:
                   Uniquely mapped reads number |	87759
                        Uniquely mapped reads % |	85.25%
                          Average mapped length |	198.83
                       Number of splices: Total |	26697
            Number of splices: Annotated (sjdb) |	2406
                       Number of splices: GT/AG |	26515
                       Number of splices: GC/AG |	81
                       Number of splices: AT/AC |	11
               Number of splices: Non-canonical |	90
                      Mismatch rate per base, % |	0.44%
                         Deletion rate per base |	0.02%
                        Deletion average length |	1.94
                        Insertion rate per base |	0.01%
                       Insertion average length |	2.05
                             MULTI-MAPPING READS:
        Number of reads mapped to multiple loci |	2297
             % of reads mapped to multiple loci |	2.23%
        Number of reads mapped to too many loci |	103
             % of reads mapped to too many loci |	0.10%
                                  UNMAPPED READS:
  Number of reads unmapped: too many mismatches |	0
       % of reads unmapped: too many mismatches |	0.00%
            Number of reads unmapped: too short |	12644
                 % of reads unmapped: too short |	12.28%
                Number of reads unmapped: other |	143
                     % of reads unmapped: other |	0.14%
                                  CHIMERIC READS:
                       Number of chimeric reads |	0
                            % of chimeric reads |	0.00%
